# JRE version: OpenJDK Runtime Environment (11.0.10) (build 11.0.10+0-b96-7249189)
# Java VM: OpenJDK 64-Bit Server VM (11.0.10+0-b96-7249189, mixed mode, tiered, compressed oops, g1 gc, windows-amd64)
Heap:
 garbage-first heap   total 678912K, used 250879K [0x0000000080000000, 0x0000000100000000)
  region size 1024K, 15 young (15360K), 15 survivors (15360K)
 Metaspace       used 112359K, capacity 115351K, committed 115660K, reserved 1148928K
  class space    used 14065K, capacity 15208K, committed 15308K, reserved 1048576K
GC Heap History (20 events):
Event: 53.018 GC heap after
{Heap after GC invocations=50 (full 0):
 garbage-first heap   total 395264K, used 188082K [0x0000000080000000, 0x0000000100000000)
  region size 1024K, 10 young (10240K), 10 survivors (10240K)
 Metaspace       used 109760K, capacity 112424K, committed 112716K, reserved 1146880K
  class space    used 13748K, capacity 14739K, committed 14924K, reserved 1048576K
}
Event: 53.746 GC heap before
{Heap before GC invocations=50 (full 0):
 garbage-first heap   total 395264K, used 330418K [0x0000000080000000, 0x0000000100000000)
  region size 1024K, 149 young (152576K), 10 survivors (10240K)
 Metaspace       used 109764K, capacity 112424K, committed 112716K, reserved 1146880K
  class space    used 13748K, capacity 14739K, committed 14924K, reserved 1048576K
}
Event: 53.783 GC heap after
{Heap after GC invocations=51 (full 0):
 garbage-first heap   total 395264K, used 194738K [0x0000000080000000, 0x0000000100000000)
  region size 1024K, 16 young (16384K), 16 survivors (16384K)
 Metaspace       used 109764K, capacity 112424K, committed 112716K, reserved 1146880K
  class space    used 13748K, capacity 14739K, committed 14924K, reserved 1048576K
}
Event: 54.645 GC heap before
{Heap before GC invocations=51 (full 0):
 garbage-first heap   total 395264K, used 332978K [0x0000000080000000, 0x0000000100000000)
  region size 1024K, 151 young (154624K), 16 survivors (16384K)
 Metaspace       used 109791K, capacity 112433K, committed 112716K, reserved 1146880K
  class space    used 13751K, capacity 14741K, committed 14924K, reserved 1048576K
}
Event: 54.686 GC heap after
{Heap after GC invocations=52 (full 0):
 garbage-first heap   total 480256K, used 196769K [0x0000000080000000, 0x0000000100000000)
  region size 1024K, 10 young (10240K), 10 survivors (10240K)
 Metaspace       used 109791K, capacity 112433K, committed 112716K, reserved 1146880K
  class space    used 13751K, capacity 14741K, committed 14924K, reserved 1048576K
}
Event: 55.692 GC heap before
{Heap before GC invocations=52 (full 0):
 garbage-first heap   total 480256K, used 375969K [0x0000000080000000, 0x0000000100000000)
  region size 1024K, 185 young (189440K), 10 survivors (10240K)
 Metaspace       used 110069K, capacity 112778K, committed 112972K, reserved 1146880K
  class space    used 13793K, capacity 14791K, committed 14924K, reserved 1048576K
}
Event: 55.722 GC heap after
{Heap after GC invocations=53 (full 0):
 garbage-first heap   total 480256K, used 198294K [0x0000000080000000, 0x0000000100000000)
  region size 1024K, 11 young (11264K), 11 survivors (11264K)
 Metaspace       used 110069K, capacity 112778K, committed 112972K, reserved 1146880K
  class space    used 13793K, capacity 14791K, committed 14924K, reserved 1048576K
}
Event: 56.776 GC heap before
{Heap before GC invocations=53 (full 0):
 garbage-first heap   total 480256K, used 398998K [0x0000000080000000, 0x0000000100000000)
  region size 1024K, 207 young (211968K), 11 survivors (11264K)
 Metaspace       used 110080K, capacity 112778K, committed 112972K, reserved 1146880K
  class space    used 13793K, capacity 14791K, committed 14924K, reserved 1048576K
}
Event: 56.806 GC heap after
{Heap after GC invocations=54 (full 0):
 garbage-first heap   total 480256K, used 199841K [0x0000000080000000, 0x0000000100000000)
  region size 1024K, 13 young (13312K), 13 survivors (13312K)
 Metaspace       used 110080K, capacity 112778K, committed 112972K, reserved 1146880K
  class space    used 13793K, capacity 14791K, committed 14924K, reserved 1048576K
}
Event: 58.012 GC heap before
{Heap before GC invocations=54 (full 0):
 garbage-first heap   total 480256K, used 407713K [0x0000000080000000, 0x0000000100000000)
  region size 1024K, 216 young (221184K), 13 survivors (13312K)
 Metaspace       used 110677K, capacity 113442K, committed 113612K, reserved 1148928K
  class space    used 13894K, capacity 14952K, committed 15052K, reserved 1048576K
}
Event: 58.044 GC heap after
{Heap after GC invocations=55 (full 0):
 garbage-first heap   total 480256K, used 200353K [0x0000000080000000, 0x0000000100000000)
  region size 1024K, 13 young (13312K), 13 survivors (13312K)
 Metaspace       used 110677K, capacity 113442K, committed 113612K, reserved 1148928K
  class space    used 13894K, capacity 14952K, committed 15052K, reserved 1048576K
}
Event: 59.491 GC heap before
{Heap before GC invocations=55 (full 0):
 garbage-first heap   total 480256K, used 413345K [0x0000000080000000, 0x0000000100000000)
  region size 1024K, 220 young (225280K), 13 survivors (13312K)
 Metaspace       used 112004K, capacity 114908K, committed 115020K, reserved 1148928K
  class space    used 14058K, capacity 15169K, committed 15180K, reserved 1048576K
}
Event: 59.533 GC heap after
{Heap after GC invocations=56 (full 0):
 garbage-first heap   total 545792K, used 202401K [0x0000000080000000, 0x0000000100000000)
  region size 1024K, 15 young (15360K), 15 survivors (15360K)
 Metaspace       used 112004K, capacity 114908K, committed 115020K, reserved 1148928K
  class space    used 14058K, capacity 15169K, committed 15180K, reserved 1048576K
}
Event: 60.941 GC heap before
{Heap before GC invocations=56 (full 0):
 garbage-first heap   total 545792K, used 433825K [0x0000000080000000, 0x0000000100000000)
  region size 1024K, 239 young (244736K), 15 survivors (15360K)
 Metaspace       used 112290K, capacity 115278K, committed 115404K, reserved 1148928K
  class space    used 14062K, capacity 15206K, committed 15308K, reserved 1048576K
}
Event: 61.014 GC heap after
{Heap after GC invocations=57 (full 0):
 garbage-first heap   total 545792K, used 218968K [0x0000000080000000, 0x0000000100000000)
  region size 1024K, 30 young (30720K), 30 survivors (30720K)
 Metaspace       used 112290K, capacity 115278K, committed 115404K, reserved 1148928K
  class space    used 14062K, capacity 15206K, committed 15308K, reserved 1048576K
}
Event: 62.193 GC heap before
{Heap before GC invocations=57 (full 0):
 garbage-first heap   total 545792K, used 457560K [0x0000000080000000, 0x0000000100000000)
  region size 1024K, 263 young (269312K), 30 survivors (30720K)
 Metaspace       used 112311K, capacity 115279K, committed 115404K, reserved 1148928K
  class space    used 14062K, capacity 15206K, committed 15308K, reserved 1048576K
}
Event: 62.328 GC heap after
{Heap after GC invocations=58 (full 0):
 garbage-first heap   total 545792K, used 239619K [0x0000000080000000, 0x0000000100000000)
  region size 1024K, 24 young (24576K), 24 survivors (24576K)
 Metaspace       used 112311K, capacity 115279K, committed 115404K, reserved 1148928K
  class space    used 14062K, capacity 15206K, committed 15308K, reserved 1048576K
}
Event: 63.618 GC heap before
{Heap before GC invocations=58 (full 0):
 garbage-first heap   total 545792K, used 450563K [0x0000000080000000, 0x0000000100000000)
  region size 1024K, 230 young (235520K), 24 survivors (24576K)
 Metaspace       used 112341K, capacity 115349K, committed 115660K, reserved 1148928K
  class space    used 14065K, capacity 15208K, committed 15308K, reserved 1048576K
}
Event: 63.683 GC heap after
{Heap after GC invocations=59 (full 0):
 garbage-first heap   total 545792K, used 246271K [0x0000000080000000, 0x0000000100000000)
  region size 1024K, 11 young (11264K), 11 survivors (11264K)
 Metaspace       used 112341K, capacity 115349K, committed 115660K, reserved 1148928K
  class space    used 14065K, capacity 15208K, committed 15308K, reserved 1048576K
}
Event: 64.782 GC heap before
{Heap before GC invocations=59 (full 0):
 garbage-first heap   total 545792K, used 454143K [0x0000000080000000, 0x0000000100000000)
  region size 1024K, 214 young (219136K), 11 survivors (11264K)
 Metaspace       used 112359K, capacity 115351K, committed 115660K, reserved 1148928K
  class space    used 14065K, capacity 15208K, committed 15308K, reserved 1048576K
}

