# JRE version: OpenJDK Runtime Environment (11.0.10) (build 11.0.10+0-b96-7249189)
# Java VM: OpenJDK 64-Bit Server VM (11.0.10+0-b96-7249189, mixed mode, tiered, compressed oops, g1 gc, windows-amd64)
Heap:
 garbage-first heap   total 494592K, used 217403K [0x0000000080000000, 0x0000000100000000)
  region size 1024K, 9 young (9216K), 9 survivors (9216K)
 Metaspace       used 134007K, capacity 138405K, committed 138624K, reserved 1169408K
  class space    used 16674K, capacity 18198K, committed 18304K, reserved 1048576K
GC Heap History (20 events):
Event: 298.504 GC heap after
{Heap after GC invocations=87 (full 0):
 garbage-first heap   total 273408K, used 179639K [0x0000000080000000, 0x0000000100000000)
  region size 1024K, 6 young (6144K), 6 survivors (6144K)
 Metaspace       used 129582K, capacity 133722K, committed 133888K, reserved 1165312K
  class space    used 16225K, capacity 17653K, committed 17664K, reserved 1048576K
}
Event: 299.139 GC heap before
{Heap before GC invocations=87 (full 0):
 garbage-first heap   total 273408K, used 217527K [0x0000000080000000, 0x0000000100000000)
  region size 1024K, 43 young (44032K), 6 survivors (6144K)
 Metaspace       used 130912K, capacity 135148K, committed 135424K, reserved 1167360K
  class space    used 16409K, capacity 17890K, committed 17920K, reserved 1048576K
}
Event: 299.164 GC heap after
{Heap after GC invocations=88 (full 0):
 garbage-first heap   total 273408K, used 184439K [0x0000000080000000, 0x0000000100000000)
  region size 1024K, 5 young (5120K), 5 survivors (5120K)
 Metaspace       used 130912K, capacity 135148K, committed 135424K, reserved 1167360K
  class space    used 16409K, capacity 17890K, committed 17920K, reserved 1048576K
}
Event: 299.929 GC heap before
{Heap before GC invocations=88 (full 0):
 garbage-first heap   total 273408K, used 222327K [0x0000000080000000, 0x0000000100000000)
  region size 1024K, 42 young (43008K), 5 survivors (5120K)
 Metaspace       used 132646K, capacity 136980K, committed 137216K, reserved 1169408K
  class space    used 16606K, capacity 18131K, committed 18176K, reserved 1048576K
}
Event: 299.956 GC heap after
{Heap after GC invocations=89 (full 0):
 garbage-first heap   total 403456K, used 186434K [0x0000000080000000, 0x0000000100000000)
  region size 1024K, 3 young (3072K), 3 survivors (3072K)
 Metaspace       used 132646K, capacity 136980K, committed 137216K, reserved 1169408K
  class space    used 16606K, capacity 18131K, committed 18176K, reserved 1048576K
}
Event: 301.271 GC heap before
{Heap before GC invocations=89 (full 0):
 garbage-first heap   total 403456K, used 269378K [0x0000000080000000, 0x0000000100000000)
  region size 1024K, 84 young (86016K), 3 survivors (3072K)
 Metaspace       used 133202K, capacity 137532K, committed 137728K, reserved 1169408K
  class space    used 16621K, capacity 18135K, committed 18176K, reserved 1048576K
}
Event: 301.288 GC heap after
{Heap after GC invocations=90 (full 0):
 garbage-first heap   total 403456K, used 188384K [0x0000000080000000, 0x0000000100000000)
  region size 1024K, 5 young (5120K), 5 survivors (5120K)
 Metaspace       used 133202K, capacity 137532K, committed 137728K, reserved 1169408K
  class space    used 16621K, capacity 18135K, committed 18176K, reserved 1048576K
}
Event: 302.532 GC heap before
{Heap before GC invocations=90 (full 0):
 garbage-first heap   total 403456K, used 317408K [0x0000000080000000, 0x0000000100000000)
  region size 1024K, 131 young (134144K), 5 survivors (5120K)
 Metaspace       used 133571K, capacity 137931K, committed 138112K, reserved 1169408K
  class space    used 16642K, capacity 18177K, committed 18304K, reserved 1048576K
}
Event: 302.548 GC heap after
{Heap after GC invocations=91 (full 0):
 garbage-first heap   total 403456K, used 190314K [0x0000000080000000, 0x0000000100000000)
  region size 1024K, 6 young (6144K), 6 survivors (6144K)
 Metaspace       used 133571K, capacity 137931K, committed 138112K, reserved 1169408K
  class space    used 16642K, capacity 18177K, committed 18304K, reserved 1048576K
}
Event: 303.429 GC heap before
{Heap before GC invocations=91 (full 0):
 garbage-first heap   total 403456K, used 323434K [0x0000000080000000, 0x0000000100000000)
  region size 1024K, 136 young (139264K), 6 survivors (6144K)
 Metaspace       used 133675K, capacity 138067K, committed 138368K, reserved 1169408K
  class space    used 16642K, capacity 18177K, committed 18304K, reserved 1048576K
}
Event: 303.447 GC heap after
{Heap after GC invocations=92 (full 0):
 garbage-first heap   total 403456K, used 191338K [0x0000000080000000, 0x0000000100000000)
  region size 1024K, 7 young (7168K), 7 survivors (7168K)
 Metaspace       used 133675K, capacity 138067K, committed 138368K, reserved 1169408K
  class space    used 16642K, capacity 18177K, committed 18304K, reserved 1048576K
}
Event: 304.338 GC heap before
{Heap before GC invocations=92 (full 0):
 garbage-first heap   total 403456K, used 330602K [0x0000000080000000, 0x0000000100000000)
  region size 1024K, 143 young (146432K), 7 survivors (7168K)
 Metaspace       used 133780K, capacity 138155K, committed 138368K, reserved 1169408K
  class space    used 16647K, capacity 18181K, committed 18304K, reserved 1048576K
}
Event: 304.363 GC heap after
{Heap after GC invocations=93 (full 0):
 garbage-first heap   total 403456K, used 194298K [0x0000000080000000, 0x0000000100000000)
  region size 1024K, 10 young (10240K), 10 survivors (10240K)
 Metaspace       used 133780K, capacity 138155K, committed 138368K, reserved 1169408K
  class space    used 16647K, capacity 18181K, committed 18304K, reserved 1048576K
}
Event: 305.178 GC heap before
{Heap before GC invocations=93 (full 0):
 garbage-first heap   total 403456K, used 334586K [0x0000000080000000, 0x0000000100000000)
  region size 1024K, 149 young (152576K), 10 survivors (10240K)
 Metaspace       used 133870K, capacity 138235K, committed 138368K, reserved 1169408K
  class space    used 16655K, capacity 18185K, committed 18304K, reserved 1048576K
}
Event: 305.203 GC heap after
{Heap after GC invocations=94 (full 0):
 garbage-first heap   total 403456K, used 197894K [0x0000000080000000, 0x0000000100000000)
  region size 1024K, 14 young (14336K), 14 survivors (14336K)
 Metaspace       used 133870K, capacity 138235K, committed 138368K, reserved 1169408K
  class space    used 16655K, capacity 18185K, committed 18304K, reserved 1048576K
}
Event: 306.003 GC heap before
{Heap before GC invocations=94 (full 0):
 garbage-first heap   total 403456K, used 336134K [0x0000000080000000, 0x0000000100000000)
  region size 1024K, 150 young (153600K), 14 survivors (14336K)
 Metaspace       used 133910K, capacity 138312K, committed 138624K, reserved 1169408K
  class space    used 16658K, capacity 18189K, committed 18304K, reserved 1048576K
}
Event: 306.061 GC heap after
{Heap after GC invocations=95 (full 0):
 garbage-first heap   total 403456K, used 209868K [0x0000000080000000, 0x0000000100000000)
  region size 1024K, 19 young (19456K), 19 survivors (19456K)
 Metaspace       used 133910K, capacity 138312K, committed 138624K, reserved 1169408K
  class space    used 16658K, capacity 18189K, committed 18304K, reserved 1048576K
}
Event: 306.740 GC heap before
{Heap before GC invocations=95 (full 0):
 garbage-first heap   total 403456K, used 333772K [0x0000000080000000, 0x0000000100000000)
  region size 1024K, 140 young (143360K), 19 survivors (19456K)
 Metaspace       used 133952K, capacity 138335K, committed 138624K, reserved 1169408K
  class space    used 16664K, capacity 18196K, committed 18304K, reserved 1048576K
}
Event: 306.790 GC heap after
{Heap after GC invocations=96 (full 0):
 garbage-first heap   total 403456K, used 216944K [0x0000000080000000, 0x0000000100000000)
  region size 1024K, 9 young (9216K), 9 survivors (9216K)
 Metaspace       used 133952K, capacity 138335K, committed 138624K, reserved 1169408K
  class space    used 16664K, capacity 18196K, committed 18304K, reserved 1048576K
}
Event: 307.430 GC heap before
{Heap before GC invocations=96 (full 0):
 garbage-first heap   total 403456K, used 334704K [0x0000000080000000, 0x0000000100000000)
  region size 1024K, 124 young (126976K), 9 survivors (9216K)
 Metaspace       used 134007K, capacity 138405K, committed 138624K, reserved 1169408K
  class space    used 16674K, capacity 18198K, committed 18304K, reserved 1048576K
}

