# JRE version: OpenJDK Runtime Environment (11.0.10) (build 11.0.10+0-b96-7249189)
# Java VM: OpenJDK 64-Bit Server VM (11.0.10+0-b96-7249189, mixed mode, tiered, compressed oops, g1 gc, windows-amd64)
Heap:
 garbage-first heap   total 610304K, used 234828K [0x0000000080000000, 0x0000000100000000)
  region size 1024K, 3 young (3072K), 3 survivors (3072K)
 Metaspace       used 188784K, capacity 193882K, committed 194508K, reserved 1218560K
  class space    used 23864K, capacity 25762K, committed 26060K, reserved 1048576K
GC Heap History (20 events):
Event: 4334.161 GC heap after
{Heap after GC invocations=159 (full 0):
 garbage-first heap   total 328704K, used 189907K [0x0000000080000000, 0x0000000100000000)
  region size 1024K, 2 young (2048K), 2 survivors (2048K)
 Metaspace       used 187947K, capacity 193226K, committed 193356K, reserved 1216512K
  class space    used 23908K, capacity 25904K, committed 25932K, reserved 1048576K
}
Event: 4335.085 GC heap before
{Heap before GC invocations=159 (full 0):
 garbage-first heap   total 328704K, used 254419K [0x0000000080000000, 0x0000000100000000)
  region size 1024K, 66 young (67584K), 2 survivors (2048K)
 Metaspace       used 188333K, capacity 193639K, committed 193868K, reserved 1216512K
  class space    used 23923K, capacity 25907K, committed 25932K, reserved 1048576K
}
Event: 4335.105 GC heap after
{Heap after GC invocations=160 (full 0):
 garbage-first heap   total 328704K, used 198284K [0x0000000080000000, 0x0000000100000000)
  region size 1024K, 9 young (9216K), 9 survivors (9216K)
 Metaspace       used 188333K, capacity 193639K, committed 193868K, reserved 1216512K
  class space    used 23923K, capacity 25907K, committed 25932K, reserved 1048576K
}
Event: 4336.178 GC heap before
{Heap before GC invocations=161 (full 0):
 garbage-first heap   total 328704K, used 261772K [0x0000000080000000, 0x0000000100000000)
  region size 1024K, 71 young (72704K), 9 survivors (9216K)
 Metaspace       used 188156K, capacity 193256K, committed 194124K, reserved 1218560K
  class space    used 23804K, capacity 25698K, committed 25932K, reserved 1048576K
}
Event: 4336.220 GC heap after
{Heap after GC invocations=162 (full 0):
 garbage-first heap   total 328704K, used 205541K [0x0000000080000000, 0x0000000100000000)
  region size 1024K, 9 young (9216K), 9 survivors (9216K)
 Metaspace       used 188156K, capacity 193256K, committed 194124K, reserved 1218560K
  class space    used 23804K, capacity 25698K, committed 25932K, reserved 1048576K
}
Event: 4336.284 GC heap before
{Heap before GC invocations=162 (full 0):
 garbage-first heap   total 328704K, used 212709K [0x0000000080000000, 0x0000000100000000)
  region size 1024K, 16 young (16384K), 9 survivors (9216K)
 Metaspace       used 188171K, capacity 193256K, committed 194124K, reserved 1218560K
  class space    used 23804K, capacity 25698K, committed 25932K, reserved 1048576K
}
Event: 4336.336 GC heap after
{Heap after GC invocations=163 (full 0):
 garbage-first heap   total 328704K, used 194668K [0x0000000080000000, 0x0000000100000000)
  region size 1024K, 2 young (2048K), 2 survivors (2048K)
 Metaspace       used 188171K, capacity 193256K, committed 194124K, reserved 1218560K
  class space    used 23804K, capacity 25698K, committed 25932K, reserved 1048576K
}
Event: 4336.715 GC heap before
{Heap before GC invocations=163 (full 0):
 garbage-first heap   total 328704K, used 259180K [0x0000000080000000, 0x0000000100000000)
  region size 1024K, 65 young (66560K), 2 survivors (2048K)
 Metaspace       used 188213K, capacity 193260K, committed 194124K, reserved 1218560K
  class space    used 23806K, capacity 25698K, committed 25932K, reserved 1048576K
}
Event: 4336.752 GC heap after
{Heap after GC invocations=164 (full 0):
 garbage-first heap   total 328704K, used 201554K [0x0000000080000000, 0x0000000100000000)
  region size 1024K, 9 young (9216K), 9 survivors (9216K)
 Metaspace       used 188213K, capacity 193260K, committed 194124K, reserved 1218560K
  class space    used 23806K, capacity 25698K, committed 25932K, reserved 1048576K
}
Event: 4337.858 GC heap before
{Heap before GC invocations=165 (full 0):
 garbage-first heap   total 328704K, used 261970K [0x0000000080000000, 0x0000000100000000)
  region size 1024K, 70 young (71680K), 9 survivors (9216K)
 Metaspace       used 188554K, capacity 193678K, committed 194508K, reserved 1218560K
  class space    used 23839K, capacity 25741K, committed 26060K, reserved 1048576K
}
Event: 4337.891 GC heap after
{Heap after GC invocations=166 (full 0):
 garbage-first heap   total 328704K, used 204141K [0x0000000080000000, 0x0000000100000000)
  region size 1024K, 5 young (5120K), 5 survivors (5120K)
 Metaspace       used 188554K, capacity 193678K, committed 194508K, reserved 1218560K
  class space    used 23839K, capacity 25741K, committed 26060K, reserved 1048576K
}
Event: 4337.935 GC heap before
{Heap before GC invocations=166 (full 0):
 garbage-first heap   total 328704K, used 214381K [0x0000000080000000, 0x0000000100000000)
  region size 1024K, 16 young (16384K), 5 survivors (5120K)
 Metaspace       used 188558K, capacity 193678K, committed 194508K, reserved 1218560K
  class space    used 23839K, capacity 25741K, committed 26060K, reserved 1048576K
}
Event: 4337.969 GC heap after
{Heap after GC invocations=167 (full 0):
 garbage-first heap   total 416768K, used 200358K [0x0000000080000000, 0x0000000100000000)
  region size 1024K, 2 young (2048K), 2 survivors (2048K)
 Metaspace       used 188558K, capacity 193678K, committed 194508K, reserved 1218560K
  class space    used 23839K, capacity 25741K, committed 26060K, reserved 1048576K
}
Event: 4338.558 GC heap before
{Heap before GC invocations=167 (full 0):
 garbage-first heap   total 416768K, used 297638K [0x0000000080000000, 0x0000000100000000)
  region size 1024K, 98 young (100352K), 2 survivors (2048K)
 Metaspace       used 188621K, capacity 193683K, committed 194508K, reserved 1218560K
  class space    used 23848K, capacity 25742K, committed 26060K, reserved 1048576K
}
Event: 4338.629 GC heap after
{Heap after GC invocations=168 (full 0):
 garbage-first heap   total 416768K, used 220952K [0x0000000080000000, 0x0000000100000000)
  region size 1024K, 13 young (13312K), 13 survivors (13312K)
 Metaspace       used 188621K, capacity 193683K, committed 194508K, reserved 1218560K
  class space    used 23848K, capacity 25742K, committed 26060K, reserved 1048576K
}
Event: 4339.628 GC heap before
{Heap before GC invocations=168 (full 0):
 garbage-first heap   total 416768K, used 314136K [0x0000000080000000, 0x0000000100000000)
  region size 1024K, 104 young (106496K), 13 survivors (13312K)
 Metaspace       used 188659K, capacity 193758K, committed 194508K, reserved 1218560K
  class space    used 23850K, capacity 25745K, committed 26060K, reserved 1048576K
}
Event: 4339.688 GC heap after
{Heap after GC invocations=169 (full 0):
 garbage-first heap   total 416768K, used 230705K [0x0000000080000000, 0x0000000100000000)
  region size 1024K, 12 young (12288K), 12 survivors (12288K)
 Metaspace       used 188659K, capacity 193758K, committed 194508K, reserved 1218560K
  class space    used 23850K, capacity 25745K, committed 26060K, reserved 1048576K
}
Event: 4340.346 GC heap before
{Heap before GC invocations=170 (full 0):
 garbage-first heap   total 416768K, used 322865K [0x0000000080000000, 0x0000000100000000)
  region size 1024K, 102 young (104448K), 12 survivors (12288K)
 Metaspace       used 188781K, capacity 193881K, committed 194508K, reserved 1218560K
  class space    used 23864K, capacity 25762K, committed 26060K, reserved 1048576K
}
Event: 4340.397 GC heap after
{Heap after GC invocations=171 (full 0):
 garbage-first heap   total 416768K, used 237034K [0x0000000080000000, 0x0000000100000000)
  region size 1024K, 6 young (6144K), 6 survivors (6144K)
 Metaspace       used 188781K, capacity 193881K, committed 194508K, reserved 1218560K
  class space    used 23864K, capacity 25762K, committed 26060K, reserved 1048576K
}
Event: 4340.465 GC heap before
{Heap before GC invocations=171 (full 0):
 garbage-first heap   total 416768K, used 251370K [0x0000000080000000, 0x0000000100000000)
  region size 1024K, 20 young (20480K), 6 survivors (6144K)
 Metaspace       used 188784K, capacity 193882K, committed 194508K, reserved 1218560K
  class space    used 23864K, capacity 25762K, committed 26060K, reserved 1048576K
}

